[1205/083725:ERROR:file_io_win.cc(163)] CreateFile C:\Program Files (x86)\Junemike\Reports\Dump\settings.dat: Access is denied. (0x5)
[1205/083725:ERROR:registration_protocol_win.cc(82)] TransactNamedPipe: The pipe has been ended. (0x6D)
[1205/083725:ERROR:file_io_win.cc(163)] CreateFile C:\Program Files (x86)\Junemike\Reports\Dump\settings.dat: Access is denied. (0x5)
[1205/085353:ERROR:file_io_win.cc(163)] CreateFile C:\Program Files (x86)\Junemike\Reports\Dump\settings.dat: Access is denied. (0x5)
[1205/085353:ERROR:registration_protocol_win.cc(82)] TransactNamedPipe: The pipe has been ended. (0x6D)
[1205/085353:ERROR:file_io_win.cc(163)] CreateFile C:\Program Files (x86)\Junemike\Reports\Dump\settings.dat: Access is denied. (0x5)
[1205/173251:ERROR:file_io_win.cc(163)] CreateFile C:\Program Files (x86)\Junemike\Reports\Dump\settings.dat: Access is denied. (0x5)
[1205/173251:ERROR:registration_protocol_win.cc(82)] TransactNamedPipe: The pipe has been ended. (0x6D)
[1205/173251:ERROR:file_io_win.cc(163)] CreateFile C:\Program Files (x86)\Junemike\Reports\Dump\settings.dat: Access is denied. (0x5)
[1205/174114:ERROR:file_io_win.cc(163)] CreateFile C:\Program Files (x86)\Junemike\Reports\Dump\settings.dat: Access is denied. (0x5)
[1205/174114:ERROR:registration_protocol_win.cc(82)] TransactNamedPipe: The pipe has been ended. (0x6D)
[1205/174114:ERROR:file_io_win.cc(163)] CreateFile C:\Program Files (x86)\Junemike\Reports\Dump\settings.dat: Access is denied. (0x5)
[1205/174230:ERROR:file_io_win.cc(163)] CreateFile C:\Program Files (x86)\Junemike\Reports\Dump\settings.dat: Access is denied. (0x5)
[1205/174230:ERROR:registration_protocol_win.cc(82)] TransactNamedPipe: The pipe has been ended. (0x6D)
[1205/174230:ERROR:file_io_win.cc(163)] CreateFile C:\Program Files (x86)\Junemike\Reports\Dump\settings.dat: Access is denied. (0x5)
[0310/115621:ERROR:file_io_win.cc(163)] CreateFile C:\Program Files (x86)\Junemike\Reports\Dump\settings.dat: Access is denied. (0x5)
[0310/115621:ERROR:registration_protocol_win.cc(82)] TransactNamedPipe: The pipe has been ended. (0x6D)
[0310/115621:ERROR:file_io_win.cc(163)] CreateFile C:\Program Files (x86)\Junemike\Reports\Dump\settings.dat: Access is denied. (0x5)
[0310/115814:ERROR:file_io_win.cc(163)] CreateFile C:\Program Files (x86)\Junemike\Reports\Dump\settings.dat: Access is denied. (0x5)
[0310/115814:ERROR:registration_protocol_win.cc(82)] TransactNamedPipe: The pipe has been ended. (0x6D)
[0310/115814:ERROR:file_io_win.cc(163)] CreateFile C:\Program Files (x86)\Junemike\Reports\Dump\settings.dat: Access is denied. (0x5)
[0326/115133.661:ERROR:crash_report_database_win.cc(563)] CreateDirectory C:\Program Files (x86)\temp: Access is denied. (0x5)
[0326/115134.141:ERROR:crash_report_database_win.cc(563)] CreateDirectory C:\Program Files (x86)\temp: Access is denied. (0x5)
[0326/115134.259:ERROR:registration_protocol_win.cc(83)] TransactNamedPipe: The pipe has been ended. (0x6D)
[0326/115136.262:ERROR:crashpad_win.cc(223)] Crashpad handler failed to start, crash reporting disabled
[0423/115425.694:ERROR:crash_report_database_win.cc(563)] CreateDirectory C:\Program Files (x86)\temp\reports: Access is denied. (0x5)
[0423/115426.942:ERROR:crash_report_database_win.cc(563)] CreateDirectory C:\Program Files (x86)\temp\reports: Access is denied. (0x5)
[0423/115426.946:ERROR:registration_protocol_win.cc(83)] TransactNamedPipe: The pipe has been ended. (0x6D)
[0423/115501.150:ERROR:crashpad_win.cc(223)] Crashpad handler failed to start, crash reporting disabled
[0423/115746.367:ERROR:crash_report_database_win.cc(563)] CreateDirectory C:\Program Files (x86)\temp\reports: Access is denied. (0x5)
[0423/115746.670:ERROR:registration_protocol_win.cc(83)] TransactNamedPipe: The pipe has been ended. (0x6D)
[0423/115747.483:ERROR:crashpad_win.cc(223)] Crashpad handler failed to start, crash reporting disabled
[0512/101123.860:ERROR:file_io_win.cc(163)] CreateFile C:\Program Files (x86)\temp\settings.dat: Access is denied. (0x5)
[0512/101124.157:ERROR:file_io_win.cc(163)] CreateFile C:\Program Files (x86)\temp\settings.dat: Access is denied. (0x5)
[0512/101124.219:ERROR:registration_protocol_win.cc(83)] TransactNamedPipe: The pipe has been ended. (0x6D)
[0512/101129.813:ERROR:crashpad_win.cc(223)] Crashpad handler failed to start, crash reporting disabled
[0512/101516.952:ERROR:file_io_win.cc(163)] CreateFile C:\Program Files (x86)\temp\settings.dat: Access is denied. (0x5)
[0512/101518.126:ERROR:registration_protocol_win.cc(83)] TransactNamedPipe: The pipe has been ended. (0x6D)
[0512/101518.297:ERROR:crashpad_win.cc(223)] Crashpad handler failed to start, crash reporting disabled
